<?xml version="1.0" encoding="UTF-8"?>
<testsuite name="controllers.NoteAPITest$PriorityNotes" tests="3" skipped="0" failures="0" errors="0" timestamp="2022-03-28T11:27:17" hostname="TEMPADM-R1BQ1DM" time="0.009">
  <properties/>
  <testcase name="listNotesBySelectedPriority returns No Notes when ArrayList is empty()" classname="controllers.NoteAPITest$PriorityNotes" time="0.001"/>
  <testcase name="listNotesBySelectedPriority returns all notes that match that priority when notes of that priority exist()" classname="controllers.NoteAPITest$PriorityNotes" time="0.001"/>
  <testcase name="listNotesBySelectedPriority returns no notes when no notes of that priority exist()" classname="controllers.NoteAPITest$PriorityNotes" time="0.001"/>
  <system-out><![CDATA[]]></system-out>
  <system-err><![CDATA[]]></system-err>
</testsuite>
