<?xml version="1.0" encoding="UTF-8"?>
<testsuite name="controllers.NoteAPITest$DeleteNotes" tests="2" skipped="0" failures="0" errors="0" timestamp="2022-03-11T11:23:55" hostname="TEMPADM-R1BQ1DM" time="0.006">
  <properties/>
  <testcase name="deleting a Note that does not exist, returns null()" classname="controllers.NoteAPITest$DeleteNotes" time="0.002"/>
  <testcase name="deleting a Note that exists delete and returns deleted object()" classname="controllers.NoteAPITest$DeleteNotes" time="0.002"/>
  <system-out><![CDATA[]]></system-out>
  <system-err><![CDATA[]]></system-err>
</testsuite>
