<?xml version="1.0" encoding="UTF-8"?>
<testsuite name="controllers.NoteAPITest$PriorityNotes" tests="3" skipped="0" failures="0" errors="0" timestamp="2022-03-10T14:03:42" hostname="TEMPADM-R1BQ1DM" time="0.015">
  <properties/>
  <testcase name="listNotesBySelectedPriority returns No Notes when ArrayList is empty()" classname="controllers.NoteAPITest$PriorityNotes" time="0.001"/>
  <testcase name="listNotesBySelectedPriority returns all notes that match that priority when notes of that priority exist()" classname="controllers.NoteAPITest$PriorityNotes" time="0.01"/>
  <testcase name="listNotesBySelectedPriority returns no notes when no notes of that priority exist()" classname="controllers.NoteAPITest$PriorityNotes" time="0.001"/>
  <system-out><![CDATA[1 notes with priority 1: 1: Note(noteTitle=Summer Holiday to France, notePriority=1, noteCategory=Holiday, isNoteArchived=false)
2 notes with priority 4: 2: Note(noteTitle=Code App, notePriority=4, noteCategory=Work, isNoteArchived=false)
3: Note(noteTitle=Test App, notePriority=4, noteCategory=Work, isNoteArchived=true)
1 notes with priority 3: 4: Note(noteTitle=Swim - Pool, notePriority=3, noteCategory=Hobby, isNoteArchived=false)
]]></system-out>
  <system-err><![CDATA[]]></system-err>
</testsuite>
