<?xml version="1.0" encoding="UTF-8"?>
<testsuite name="controllers.NoteAPITest$PersistenceTests" tests="6" skipped="0" failures="0" errors="0" timestamp="2022-03-28T11:27:17" hostname="TEMPADM-R1BQ1DM" time="0.398">
  <properties/>
  <testcase name="saving and loading an empty collection in XML doesn't crash app()" classname="controllers.NoteAPITest$PersistenceTests" time="0.307"/>
  <testcase name="saving and loading an loaded collection in YAML doesn't loose data()" classname="controllers.NoteAPITest$PersistenceTests" time="0.032"/>
  <testcase name="saving and loading an loaded collection in JSON doesn't loose data()" classname="controllers.NoteAPITest$PersistenceTests" time="0.012"/>
  <testcase name="saving and loading a loaded collection in XML doesn't loose data()" classname="controllers.NoteAPITest$PersistenceTests" time="0.021"/>
  <testcase name="saving and loading an empty collection in YAML doesn't crash app()" classname="controllers.NoteAPITest$PersistenceTests" time="0.012"/>
  <testcase name="saving and loading an empty collection in JSON doesn't crash app()" classname="controllers.NoteAPITest$PersistenceTests" time="0.008"/>
  <system-out><![CDATA[]]></system-out>
  <system-err><![CDATA[]]></system-err>
</testsuite>
