<?xml version="1.0" encoding="UTF-8"?>
<testsuite name="controllers.NoteAPITest$PersistenceTests" tests="2" skipped="0" failures="0" errors="0" timestamp="2022-03-11T13:57:28" hostname="TEMPADM-R1BQ1DM" time="0.428">
  <properties/>
  <testcase name="saving and loading an empty collection in XML doesn't crash app()" classname="controllers.NoteAPITest$PersistenceTests" time="0.409"/>
  <testcase name="saving and loading a loaded collection in XML doesn't loose data()" classname="controllers.NoteAPITest$PersistenceTests" time="0.018"/>
  <system-out><![CDATA[]]></system-out>
  <system-err><![CDATA[]]></system-err>
</testsuite>
