<?xml version="1.0" encoding="UTF-8"?>
<testsuite name="controllers.NoteAPITest" tests="2" skipped="0" failures="0" errors="0" timestamp="2022-03-04T13:57:29" hostname="TEMPADM-R1BQ1DM" time="0.023">
  <properties/>
  <testcase name="adding a Note to a populated list adds to ArrayList()" classname="controllers.NoteAPITest" time="0.021"/>
  <testcase name="adding a Note to an empty list adds to ArrayList()" classname="controllers.NoteAPITest" time="0.001"/>
  <system-out><![CDATA[]]></system-out>
  <system-err><![CDATA[]]></system-err>
</testsuite>
