<?xml version="1.0" encoding="UTF-8"?>
<testsuite name="controllers.NoteAPITest$PriorityNotes" tests="3" skipped="0" failures="0" errors="0" timestamp="2022-03-11T14:05:37" hostname="TEMPADM-R1BQ1DM" time="0.006">
  <properties/>
  <testcase name="listNotesBySelectedPriority returns No Notes when ArrayList is empty()" classname="controllers.NoteAPITest$PriorityNotes" time="0.002"/>
  <testcase name="listNotesBySelectedPriority returns all notes that match that priority when notes of that priority exist()" classname="controllers.NoteAPITest$PriorityNotes" time="0.002"/>
  <testcase name="listNotesBySelectedPriority returns no notes when no notes of that priority exist()" classname="controllers.NoteAPITest$PriorityNotes" time="0.0"/>
  <system-out><![CDATA[]]></system-out>
  <system-err><![CDATA[]]></system-err>
</testsuite>
