<?xml version="1.0" encoding="UTF-8"?>
<testsuite name="controllers.NoteAPITest$CategoryNotes" tests="3" skipped="0" failures="0" errors="0" timestamp="2022-03-11T13:43:17" hostname="TEMPADM-R1BQ1DM" time="0.006">
  <properties/>
  <testcase name="listNotesByCategory returns No Notes when ArrayList is empty()" classname="controllers.NoteAPITest$CategoryNotes" time="0.001"/>
  <testcase name="listNotesByCategory returns no notes when no notes of that category exist()" classname="controllers.NoteAPITest$CategoryNotes" time="0.002"/>
  <testcase name="listNotesByCategory returns all notes that match that category when notes of that category exist()" classname="controllers.NoteAPITest$CategoryNotes" time="0.001"/>
  <system-out><![CDATA[]]></system-out>
  <system-err><![CDATA[]]></system-err>
</testsuite>
